<?xml version="1.0" encoding="UTF-8"?>
<!-- Generated by org.testng.reporters.JUnitReportReporter -->
<testsuite skipped="0" hostname="DEV_DEL_DEEPAK" name="StreamConcept.Test" tests="1" failures="0" timestamp="05 Jun 2020 15:06:47 GMT" time="0.072" errors="0">
  <testcase name="streamCollect" time="0.072" classname="StreamConcept.Test"/>
</testsuite> <!-- StreamConcept.Test -->
